<testsuite failures="0" name="src/test/java/features/requirement.feature" skipped="0" tests="2" time="1.610535">
  <testcase classname="src.test.java.features.requirement" name="get the reponse and pass it to csv" time="1.41807">
    <system-out>* url baseUrl1 ............................................................ passed
* def ExcelReader = Java.type('Utilities.WriteDataInExcel') ............... passed
* def rowNum1 = 2 ......................................................... passed
* def rowNum2 = 3 ......................................................... passed
* def scenario1 = ExcelReader.setTheValuesFromExcelFileInFeatureFile(rowNum1) . passed
* print scenario1 ......................................................... passed
* print scenario1[0] ...................................................... passed
* def scenario2 = ExcelReader.setTheValuesFromExcelFileInFeatureFile(rowNum2) . passed
* print scenario2 ......................................................... passed
* print scenario2[0] ...................................................... passed
Given path urlPath+scenario1[0] ........................................... passed
* def responseCode = scenario1[1] ......................................... passed
When method get ........................................................... passed
* print responseCode ...................................................... passed
Then status 200 ........................................................... passed
* print response .......................................................... passed
* def responseStatusVariable = responseStatus ............................. passed
* print responseStatusVariable ............................................ passed
* ExcelReader.setTheStatusIntoExcelFile(responseStatusVariable,rowNum1) ... passed</system-out>
  </testcase>
  <testcase classname="src.test.java.features.requirement" name="get the reponse and pass it to csv" time="0.192465">
    <system-out>* url baseUrl1 ............................................................ passed
* def ExcelReader = Java.type('Utilities.WriteDataInExcel') ............... passed
* def rowNum1 = 2 ......................................................... passed
* def rowNum2 = 3 ......................................................... passed
* def scenario1 = ExcelReader.setTheValuesFromExcelFileInFeatureFile(rowNum1) . passed
* print scenario1 ......................................................... passed
* print scenario1[0] ...................................................... passed
* def scenario2 = ExcelReader.setTheValuesFromExcelFileInFeatureFile(rowNum2) . passed
* print scenario2 ......................................................... passed
* print scenario2[0] ...................................................... passed
Given path urlPath+scenario1[0] ........................................... passed
* def responseCode = scenario1[1] ......................................... passed
When method get ........................................................... passed
* print responseCode ...................................................... passed
Then status 200 ........................................................... passed
* print response .......................................................... passed
* def responseStatusVariable = responseStatus ............................. passed
* print responseStatusVariable ............................................ passed
* ExcelReader.setTheStatusIntoExcelFile(responseStatusVariable,rowNum1) ... passed
* url baseUrl1 ............................................................ passed
* def ExcelReader = Java.type('Utilities.WriteDataInExcel') ............... passed
* def rowNum1 = 2 ......................................................... passed
* def rowNum2 = 3 ......................................................... passed
* def scenario1 = ExcelReader.setTheValuesFromExcelFileInFeatureFile(rowNum1) . passed
* print scenario1 ......................................................... passed
* print scenario1[0] ...................................................... passed
* def scenario2 = ExcelReader.setTheValuesFromExcelFileInFeatureFile(rowNum2) . passed
* print scenario2 ......................................................... passed
* print scenario2[0] ...................................................... passed
Given path urlPath+scenario2[0] ........................................... passed
* def responseCode = scenario2[1] ......................................... passed
When method get ........................................................... passed
* print responseCode ...................................................... passed
Then status 200 ........................................................... passed
* print response .......................................................... passed
* def responseStatusVariable = responseStatus ............................. passed
* print responseStatusVariable ............................................ passed
* ExcelReader.setTheStatusIntoExcelFile(responseStatusVariable,rowNum2) ... passed</system-out>
  </testcase>
</testsuite>
