<testsuite failures="1" name="src/test/java/tests/addEmployee(PayloadFromDataTable).feature" skipped="0" tests="1" time="0.019547">
  <testcase classname="src.test.java.tests.addEmployee(PayloadFromDataTable)" name="Add employee" time="0.019547">
    <failure message="-unknown-:4 - evaluation (js) failed: function(10) {&#10;var JavaDemo = Java.type('com.tests.Utilities');&#10;return JavaDemo.generateRandomString(10);  &#10;}, javax.script.ScriptException: &lt;eval&gt;:1:9 Expected ident but found 10&#13;&#10;function(10) {&#13;&#10;         ^ in &lt;eval&gt; at line number 1 at column number 9&#10;stack trace: jdk.scripting.nashorn/jdk.nashorn.api.scripting.NashornScriptEngine.throwAsScriptException(NashornScriptEngine.java:477)">* def generateData = ...................................................... failed

Stack Trace:
com.intuit.karate.exception.KarateException: -unknown-:4 - evaluation (js) failed: function(10) {
var JavaDemo = Java.type('com.tests.Utilities');
return JavaDemo.generateRandomString(10);  
}, javax.script.ScriptException: &lt;eval&gt;:1:9 Expected ident but found 10&#13;
function(10) {&#13;
         ^ in &lt;eval&gt; at line number 1 at column number 9
stack trace: jdk.scripting.nashorn/jdk.nashorn.api.scripting.NashornScriptEngine.throwAsScriptException(NashornScriptEngine.java:477)&#13;
	at ✽.* def generateData = (-unknown-:4)&#13;

* print 'a'+randomString .................................................. skipped
* def AddEmployee = read('classpath:src/test/resources/Payloads/addEmployee.json') . skipped
* def random_number = Math.floor(10000 + Math.random() * 90000) ........... skipped
* print 'Random Number:', random_number ................................... skipped
* set AddEmployee.email = random_number + "@gmail.com" .................... skipped
* set AddEmployee.id = random_number + "OW" ............................... skipped
* def login = call read('login.feature') .................................. skipped
* def token = login.accessToken ........................................... skipped
* print 'access token from add employee '+token ........................... skipped
Given url baseUrl+addEmployeePathParameter ................................ skipped
And request {"first_name": "APITest","last_name": "Automation","mobile_number": "9999911111","date_of_birth": "1995-11-11","joining_date": "2023-12-22","qualifications": "B.Tech","designation": "Test engineer","department": "Testing","address": "panjagutta","blood_group": "B+","gender": "Male","password": "123456789","role": "Employee","salary": null} . skipped
* print tenantId .......................................................... skipped
And headers {Content-Type: 'application/json', Connection: 'Keep-Alive' ,Tenantid:'bef53bd4-55fb-4ef0-93f9-553f644805ee'} . skipped
And header Authorization = 'bearer '+ token ............................... skipped
When method post .......................................................... skipped
Then status 200 ........................................................... skipped
And match $.message == 'success' .......................................... skipped
* print response .......................................................... skipped</failure>
  </testcase>
</testsuite>
