<testsuite failures="1" name="src/test/java/tests/addEmployee(GeneartingAccessTokenFromOneScenarioAndUsingInAnotherScenario).feature" skipped="0" tests="1" time="0.008765">
  <testcase classname="src.test.java.tests.addEmployee(GeneartingAccessTokenFromOneScenarioAndUsingInAnotherScenario)" name="Getting the access token and creating Employee" time="0.008765">
    <failure message="-unknown-:4 - evaluation (js) failed: baseUrl, javax.script.ScriptException: ReferenceError: &quot;baseUrl&quot; is not defined in &lt;eval&gt; at line number 1&#10;stack trace: jdk.scripting.nashorn/jdk.nashorn.api.scripting.NashornScriptEngine.throwAsScriptException(NashornScriptEngine.java:477)">* url baseUrl ............................................................. failed

Stack Trace:
com.intuit.karate.exception.KarateException: -unknown-:4 - evaluation (js) failed: baseUrl, javax.script.ScriptException: ReferenceError: "baseUrl" is not defined in &lt;eval&gt; at line number 1
stack trace: jdk.scripting.nashorn/jdk.nashorn.api.scripting.NashornScriptEngine.throwAsScriptException(NashornScriptEngine.java:477)&#13;
	at ✽.* url baseUrl (-unknown-:4)&#13;

* def loginRequestPayload = read('classpath:src/test/resources/Payloads/loginPayload.json') . skipped
* def AddEmployeePayload = read('classpath:src/test/resources/Payloads/addEmployee.json') . skipped
* def random_number = Math.floor(10000 + Math.random() * 90000) ........... skipped
* print 'Random Number:', random_number ................................... skipped
* set AddEmployeePayload.email = random_number + "@gmail.com" ............. skipped
* set AddEmployeePayload.id = random_number + "OW" ........................ skipped
* configure headers = {Content-Type: 'application/json', Connection: 'Keep-Alive'} . skipped
Given path '/v1/authentication' ........................................... skipped
And request loginRequestPayload ........................................... skipped
When method post .......................................................... skipped
Then status 200 ........................................................... skipped
* print response .......................................................... skipped
And def Token = $.token ................................................... skipped
* print Token ............................................................. skipped
* configure headers = {Content-Type: 'application/json', Connection: 'Keep-Alive' ,Tenantid:'bef53bd4-55fb-4ef0-93f9-553f644805ee'} . skipped
Given url  baseUrl+'/v1/ow02323/employee' ................................. skipped
And request AddEmployeePayload ............................................ skipped
And header Authorization = 'bearer '+ Token ............................... skipped
When method post .......................................................... skipped
Then status 200 ........................................................... skipped
And match $.message == 'success' .......................................... skipped
* print response .......................................................... skipped</failure>
  </testcase>
</testsuite>
